<?xml version="1.0" encoding="UTF-8"?>
<testsuite name="MaximumVariableTest" tests="9" skipped="0" failures="0" errors="0" timestamp="2020-02-29T06:16:35" hostname="admin1-Vostro-3580" time="0.006">
  <properties/>
  <testcase name="whenGivenThreeString_shouldReturnFirstValueMaximum" classname="MaximumVariableTest" time="0.001"/>
  <testcase name="whenGivenThreeIntegers_shouldReturnFirstVariableMaximum" classname="MaximumVariableTest" time="0.0"/>
  <testcase name="whenGivenThreeIntegers_shouldReturnSecondVariableMaximum" classname="MaximumVariableTest" time="0.0"/>
  <testcase name="whenGivenThreeString_shouldReturnSecondValueMaximum" classname="MaximumVariableTest" time="0.0"/>
  <testcase name="whenGivenThreeFloat_shouldReturnThirdVariableMaximum" classname="MaximumVariableTest" time="0.0"/>
  <testcase name="whenGivenThreeString_shouldReturnThirdValueMaximum" classname="MaximumVariableTest" time="0.0"/>
  <testcase name="whenGivenThreeIntegers_shouldReturnThirdVariableMaximum" classname="MaximumVariableTest" time="0.0"/>
  <testcase name="whenGivenThreeFloat_shouldReturnFirstValueMaximum" classname="MaximumVariableTest" time="0.0"/>
  <testcase name="whenGivenThreeFloat_shouldReturnSecondValueMaximum" classname="MaximumVariableTest" time="0.0"/>
  <system-out><![CDATA[]]></system-out>
  <system-err><![CDATA[]]></system-err>
</testsuite>
